<?xml version="1.0" encoding="utf-8"?><testsuites name="pytest tests"><testsuite name="pytest" errors="0" failures="1" skipped="0" tests="11" time="6.591" timestamp="2026-01-03T15:24:15.556761+00:00" hostname="agent-env-72776a09-8c62-49fd-a49b-66feb600a378"><testcase classname="tests.test_admin_approval_system.TestAdminApprovalSystem" name="test_01_new_job_starts_with_pending_status" time="0.360" /><testcase classname="tests.test_admin_approval_system.TestAdminApprovalSystem" name="test_02_pending_jobs_not_in_homefeed" time="0.590" /><testcase classname="tests.test_admin_approval_system.TestAdminApprovalSystem" name="test_03_admin_can_see_pending_jobs" time="0.293" /><testcase classname="tests.test_admin_approval_system.TestAdminApprovalSystem" name="test_04_admin_can_approve_job" time="0.573" /><testcase classname="tests.test_admin_approval_system.TestAdminApprovalSystem" name="test_05_approved_job_appears_in_homefeed" time="0.902" /><testcase classname="tests.test_admin_approval_system.TestAdminApprovalSystem" name="test_06_admin_can_reject_job_with_reason" time="0.558" /><testcase classname="tests.test_admin_approval_system.TestAdminApprovalSystem" name="test_07_rejected_job_not_in_homefeed" time="0.817" /><testcase classname="tests.test_admin_approval_system.TestJobRenewalSystem" name="test_08_brand_can_renew_approved_job" time="0.907" /><testcase classname="tests.test_admin_approval_system.TestJobRenewalSystem" name="test_09_renewed_job_becomes_pending" time="0.817" /><testcase classname="tests.test_admin_approval_system.TestJobRenewalSystem" name="test_10_brand_sees_job_statuses" time="0.268" /><testcase classname="tests.test_admin_approval_system.TestHomeFeedFiltering" name="test_11_homefeed_shows_only_approved_nonexpired_jobs" time="0.277"><failure message="TypeError: can't compare offset-naive and offset-aware datetimes">tests/test_admin_approval_system.py:505: in test_11_homefeed_shows_only_approved_nonexpired_jobs
    if expires_dt &lt; now:
       ^^^^^^^^^^^^^^^^
E   TypeError: can't compare offset-naive and offset-aware datetimes</failure></testcase></testsuite></testsuites>