<?xml version="1.0" encoding="utf-8"?><testsuites name="pytest tests"><testsuite name="pytest" errors="0" failures="0" skipped="0" tests="11" time="6.213" timestamp="2026-01-03T15:24:46.363520+00:00" hostname="agent-env-72776a09-8c62-49fd-a49b-66feb600a378"><testcase classname="tests.test_admin_approval_system.TestAdminApprovalSystem" name="test_01_new_job_starts_with_pending_status" time="0.308" /><testcase classname="tests.test_admin_approval_system.TestAdminApprovalSystem" name="test_02_pending_jobs_not_in_homefeed" time="0.628" /><testcase classname="tests.test_admin_approval_system.TestAdminApprovalSystem" name="test_03_admin_can_see_pending_jobs" time="0.300" /><testcase classname="tests.test_admin_approval_system.TestAdminApprovalSystem" name="test_04_admin_can_approve_job" time="0.556" /><testcase classname="tests.test_admin_approval_system.TestAdminApprovalSystem" name="test_05_approved_job_appears_in_homefeed" time="0.821" /><testcase classname="tests.test_admin_approval_system.TestAdminApprovalSystem" name="test_06_admin_can_reject_job_with_reason" time="0.554" /><testcase classname="tests.test_admin_approval_system.TestAdminApprovalSystem" name="test_07_rejected_job_not_in_homefeed" time="0.820" /><testcase classname="tests.test_admin_approval_system.TestJobRenewalSystem" name="test_08_brand_can_renew_approved_job" time="0.781" /><testcase classname="tests.test_admin_approval_system.TestJobRenewalSystem" name="test_09_renewed_job_becomes_pending" time="0.809" /><testcase classname="tests.test_admin_approval_system.TestJobRenewalSystem" name="test_10_brand_sees_job_statuses" time="0.271" /><testcase classname="tests.test_admin_approval_system.TestHomeFeedFiltering" name="test_11_homefeed_shows_only_approved_nonexpired_jobs" time="0.317" /></testsuite></testsuites>