<?xml version="1.0" encoding="utf-8"?><testsuites name="pytest tests"><testsuite name="pytest" errors="0" failures="0" skipped="0" tests="14" time="3.261" timestamp="2026-01-03T12:12:50.558629+00:00" hostname="agent-env-9fd6f16e-313b-478a-a438-bc98f9ed384a"><testcase classname="tests.test_flulance_api.TestAuthEndpoints" name="test_login_success" time="0.336" /><testcase classname="tests.test_flulance_api.TestAuthEndpoints" name="test_login_invalid_credentials" time="0.039" /><testcase classname="tests.test_flulance_api.TestAuthEndpoints" name="test_auth_me_without_token" time="0.036" /><testcase classname="tests.test_flulance_api.TestBrandProfileEndpoints" name="test_get_brand_profile" time="0.309" /><testcase classname="tests.test_flulance_api.TestBrandProfileEndpoints" name="test_create_update_brand_profile" time="0.342" /><testcase classname="tests.test_flulance_api.TestJobEndpoints" name="test_get_my_jobs" time="0.302" /><testcase classname="tests.test_flulance_api.TestJobEndpoints" name="test_create_job_basic" time="0.303" /><testcase classname="tests.test_flulance_api.TestJobEndpoints" name="test_create_job_extended_fields" time="0.307" /><testcase classname="tests.test_flulance_api.TestJobEndpoints" name="test_get_all_open_jobs" time="0.304" /><testcase classname="tests.test_flulance_api.TestNotificationEndpoints" name="test_get_unread_count" time="0.309" /><testcase classname="tests.test_flulance_api.TestNotificationEndpoints" name="test_get_notifications" time="0.306" /><testcase classname="tests.test_flulance_api.TestPublicEndpoints" name="test_api_root" time="0.038" /><testcase classname="tests.test_flulance_api.TestPublicEndpoints" name="test_get_announcements" time="0.040" /><testcase classname="tests.test_flulance_api.TestPublicEndpoints" name="test_get_trending_categories" time="0.038" /></testsuite></testsuites>