<?xml version="1.0" encoding="utf-8"?><testsuites name="pytest tests"><testsuite name="pytest" errors="0" failures="0" skipped="0" tests="23" time="5.765" timestamp="2026-01-03T12:39:42.031977+00:00" hostname="agent-env-9fd6f16e-313b-478a-a438-bc98f9ed384a"><testcase classname="tests.test_flulance_faz3.TestFileUploadEndpoint" name="test_upload_image_file" time="0.394" /><testcase classname="tests.test_flulance_faz3.TestFileUploadEndpoint" name="test_upload_pdf_file" time="0.310" /><testcase classname="tests.test_flulance_faz3.TestFileUploadEndpoint" name="test_upload_without_auth" time="0.342" /><testcase classname="tests.test_flulance_faz3.TestMediaLibraryEndpoints" name="test_upload_to_media_library" time="0.334" /><testcase classname="tests.test_flulance_faz3.TestMediaLibraryEndpoints" name="test_get_media_library" time="0.339" /><testcase classname="tests.test_flulance_faz3.TestMediaLibraryEndpoints" name="test_get_media_library_filtered" time="0.302" /><testcase classname="tests.test_flulance_faz3.TestMediaLibraryEndpoints" name="test_delete_media_from_library" time="0.426" /><testcase classname="tests.test_flulance_faz3.TestContractEndpoints" name="test_get_my_contracts" time="0.339" /><testcase classname="tests.test_flulance_faz3.TestContractEndpoints" name="test_create_contract_requires_match" time="0.353" /><testcase classname="tests.test_flulance_faz3.TestContractEndpoints" name="test_create_contract_with_valid_match" time="0.366" /><testcase classname="tests.test_flulance_faz3.TestChatWithAttachments" name="test_send_message_with_attachment" time="0.357" /><testcase classname="tests.test_flulance_faz3.TestChatWithAttachments" name="test_send_message_without_attachment" time="0.383" /><testcase classname="tests.test_flulance_faz3.TestChatWithAttachments" name="test_get_messages_with_attachments" time="0.380" /><testcase classname="tests.test_flulance_faz3.TestAdvancedSearchEndpoints" name="test_search_jobs_basic" time="0.037" /><testcase classname="tests.test_flulance_faz3.TestAdvancedSearchEndpoints" name="test_search_jobs_with_query" time="0.040" /><testcase classname="tests.test_flulance_faz3.TestAdvancedSearchEndpoints" name="test_search_jobs_with_category_filter" time="0.036" /><testcase classname="tests.test_flulance_faz3.TestAdvancedSearchEndpoints" name="test_search_jobs_with_budget_filter" time="0.037" /><testcase classname="tests.test_flulance_faz3.TestAdvancedSearchEndpoints" name="test_search_jobs_with_platform_filter" time="0.035" /><testcase classname="tests.test_flulance_faz3.TestAdvancedSearchEndpoints" name="test_search_jobs_with_sorting" time="0.036" /><testcase classname="tests.test_flulance_faz3.TestAdvancedSearchEndpoints" name="test_search_influencers_basic" time="0.041" /><testcase classname="tests.test_flulance_faz3.TestAdvancedSearchEndpoints" name="test_search_influencers_with_specialty" time="0.037" /><testcase classname="tests.test_flulance_faz3.TestMilestoneEndpoints" name="test_get_milestones_for_contract" time="0.368" /><testcase classname="tests.test_flulance_faz3.TestMilestoneEndpoints" name="test_create_milestone_for_contract" time="0.365" /></testsuite></testsuites>