<?xml version="1.0" encoding="utf-8"?><testsuites name="pytest tests"><testsuite name="pytest" errors="0" failures="0" skipped="0" tests="8" time="0.847" timestamp="2026-01-03T14:37:55.172044+00:00" hostname="agent-env-99f0353a-4524-413b-ad87-f31301847f05"><testcase classname="tests.test_premium_features.TestPremiumFeatures" name="test_01_create_job_with_featured_flag" time="0.305" /><testcase classname="tests.test_premium_features.TestPremiumFeatures" name="test_02_create_job_with_urgent_flag" time="0.018" /><testcase classname="tests.test_premium_features.TestPremiumFeatures" name="test_03_create_job_with_both_flags" time="0.012" /><testcase classname="tests.test_premium_features.TestPremiumFeatures" name="test_04_create_job_without_premium_flags" time="0.053" /><testcase classname="tests.test_premium_features.TestPremiumFeatures" name="test_05_get_jobs_returns_premium_flags" time="0.018" /><testcase classname="tests.test_premium_features.TestPremiumFeatures" name="test_06_get_my_jobs_returns_premium_flags" time="0.014" /><testcase classname="tests.test_premium_features.TestPremiumFeatures" name="test_07_get_single_job_returns_premium_flags" time="0.012" /><testcase classname="tests.test_premium_features.TestPremiumFeatures" name="test_08_recommendations_returns_premium_flags" time="0.368" /></testsuite></testsuites>