<?xml version="1.0" encoding="utf-8"?><testsuites name="pytest tests"><testsuite name="pytest" errors="0" failures="0" skipped="0" tests="19" time="4.510" timestamp="2026-01-03T22:29:27.565061+00:00" hostname="agent-env-72776a09-8c62-49fd-a49b-66feb600a378"><testcase classname="tests.test_etap2_features.TestForgotPassword" name="test_forgot_password_valid_email" time="0.102" /><testcase classname="tests.test_etap2_features.TestForgotPassword" name="test_forgot_password_nonexistent_email" time="0.040" /><testcase classname="tests.test_etap2_features.TestForgotPassword" name="test_forgot_password_invalid_email_format" time="0.080" /><testcase classname="tests.test_etap2_features.TestResetPassword" name="test_verify_reset_token_invalid" time="0.076" /><testcase classname="tests.test_etap2_features.TestResetPassword" name="test_reset_password_invalid_token" time="0.041" /><testcase classname="tests.test_etap2_features.TestResetPassword" name="test_reset_password_short_password" time="0.040" /><testcase classname="tests.test_etap2_features.TestInfluencerSearch" name="test_influencer_search_basic" time="0.309" /><testcase classname="tests.test_etap2_features.TestInfluencerSearch" name="test_influencer_search_with_query" time="0.310" /><testcase classname="tests.test_etap2_features.TestInfluencerSearch" name="test_influencer_search_with_specialty_filter" time="0.307" /><testcase classname="tests.test_etap2_features.TestInfluencerSearch" name="test_influencer_search_with_platform_filter" time="0.306" /><testcase classname="tests.test_etap2_features.TestInfluencerSearch" name="test_influencer_search_with_min_followers" time="0.316" /><testcase classname="tests.test_etap2_features.TestInfluencerSearch" name="test_influencer_search_with_max_price" time="0.309" /><testcase classname="tests.test_etap2_features.TestInfluencerSearch" name="test_influencer_search_sort_by_rating" time="0.306" /><testcase classname="tests.test_etap2_features.TestInfluencerSearch" name="test_influencer_search_sort_by_followers" time="0.305" /><testcase classname="tests.test_etap2_features.TestInfluencerSearch" name="test_influencer_search_sort_by_price_low" time="0.304" /><testcase classname="tests.test_etap2_features.TestInfluencerSearch" name="test_influencer_search_unauthorized" time="0.301" /><testcase classname="tests.test_etap2_features.TestAuthPageForgotPasswordLink" name="test_auth_page_loads" time="0.043" /><testcase classname="tests.test_etap2_features.TestEmailNotifications" name="test_application_creates_notification" time="0.597" /><testcase classname="tests.test_etap2_features.TestPasswordResetFlow" name="test_forgot_password_creates_reset_token" time="0.340" /></testsuite></testsuites>