<?xml version="1.0" encoding="utf-8"?><testsuites name="pytest tests"><testsuite name="pytest" errors="0" failures="0" skipped="0" tests="15" time="5.888" timestamp="2026-01-03T21:57:50.302227+00:00" hostname="agent-env-72776a09-8c62-49fd-a49b-66feb600a378"><testcase classname="tests.test_etap1_features.TestAdminSecretLogin" name="test_01_admin_login_success" time="0.285" /><testcase classname="tests.test_etap1_features.TestAdminSecretLogin" name="test_02_non_admin_login_returns_user_type" time="0.265" /><testcase classname="tests.test_etap1_features.TestCompleteMatch" name="test_01_get_matches_for_brand" time="0.539" /><testcase classname="tests.test_etap1_features.TestCompleteMatch" name="test_02_get_matches_for_influencer" time="0.548" /><testcase classname="tests.test_etap1_features.TestCompleteMatch" name="test_03_complete_match_endpoint_exists" time="0.544" /><testcase classname="tests.test_etap1_features.TestCompleteMatch" name="test_04_complete_match_requires_auth" time="0.560" /><testcase classname="tests.test_etap1_features.TestFavorites" name="test_01_get_favorites" time="0.317" /><testcase classname="tests.test_etap1_features.TestFavorites" name="test_02_add_favorite_requires_valid_job" time="0.314" /><testcase classname="tests.test_etap1_features.TestFavorites" name="test_03_remove_favorite_handles_not_found" time="0.326" /><testcase classname="tests.test_etap1_features.TestFavorites" name="test_04_check_favorite_status" time="0.283" /><testcase classname="tests.test_etap1_features.TestJobRemainingDays" name="test_01_job_has_expires_at_field" time="0.276" /><testcase classname="tests.test_etap1_features.TestJobRemainingDays" name="test_02_approved_jobs_have_expiry" time="0.281" /><testcase classname="tests.test_etap1_features.TestMessageReadStatus" name="test_01_messages_have_is_read_field" time="0.582" /><testcase classname="tests.test_etap1_features.TestMobileResponsive" name="test_01_api_works_regardless_of_viewport" time="0.363" /><testcase classname="tests.test_etap1_features.TestFavoritesIntegration" name="test_01_add_and_remove_favorite_flow" time="0.348" /></testsuite></testsuites>