<?xml version="1.0" encoding="utf-8"?><testsuites name="pytest tests"><testsuite name="pytest" errors="0" failures="0" skipped="0" tests="17" time="5.543" timestamp="2026-01-03T12:26:22.872042+00:00" hostname="agent-env-9fd6f16e-313b-478a-a438-bc98f9ed384a"><testcase classname="tests.test_flulance_faz2.TestInfluencerStatsEndpoints" name="test_get_my_stats_initial" time="0.330" /><testcase classname="tests.test_flulance_faz2.TestInfluencerStatsEndpoints" name="test_create_update_stats" time="0.344" /><testcase classname="tests.test_flulance_faz2.TestInfluencerStatsEndpoints" name="test_get_public_stats" time="0.344" /><testcase classname="tests.test_flulance_faz2.TestReviewEndpoints" name="test_get_my_reviews" time="0.307" /><testcase classname="tests.test_flulance_faz2.TestReviewEndpoints" name="test_get_given_reviews" time="0.341" /><testcase classname="tests.test_flulance_faz2.TestReviewEndpoints" name="test_get_user_reviews_public" time="0.310" /><testcase classname="tests.test_flulance_faz2.TestReviewCreation" name="test_get_matches_for_review" time="0.301" /><testcase classname="tests.test_flulance_faz2.TestReviewCreation" name="test_create_review_validation" time="0.376" /><testcase classname="tests.test_flulance_faz2.TestBadgeEndpoints" name="test_get_all_badges" time="0.303" /><testcase classname="tests.test_flulance_faz2.TestBadgeEndpoints" name="test_get_users_for_badge" time="0.314" /><testcase classname="tests.test_flulance_faz2.TestBadgeEndpoints" name="test_award_badge_to_user" time="0.412" /><testcase classname="tests.test_flulance_faz2.TestBadgeEndpoints" name="test_award_badge_invalid_type" time="0.336" /><testcase classname="tests.test_flulance_faz2.TestBadgeEndpoints" name="test_remove_badge_from_user" time="0.459" /><testcase classname="tests.test_flulance_faz2.TestBadgeNonAdminAccess" name="test_non_admin_cannot_award_badge" time="0.341" /><testcase classname="tests.test_flulance_faz2.TestBadgeNonAdminAccess" name="test_non_admin_cannot_get_all_badges" time="0.328" /><testcase classname="tests.test_flulance_faz2.TestPublicBadgeEndpoints" name="test_get_user_badges_public" time="0.299" /><testcase classname="tests.test_flulance_faz2.TestTopInfluencers" name="test_get_top_influencers" time="0.038" /></testsuite></testsuites>