<?xml version="1.0" encoding="utf-8"?><testsuites name="pytest tests"><testsuite name="pytest" errors="0" failures="0" skipped="0" tests="21" time="8.019" timestamp="2026-01-03T22:42:59.342857+00:00" hostname="agent-env-72776a09-8c62-49fd-a49b-66feb600a378"><testcase classname="tests.test_etap3_features.TestAdminDashboardStats" name="test_dashboard_stats_returns_user_stats" time="0.379" /><testcase classname="tests.test_etap3_features.TestAdminDashboardStats" name="test_dashboard_stats_returns_job_stats" time="0.328" /><testcase classname="tests.test_etap3_features.TestAdminDashboardStats" name="test_dashboard_stats_returns_match_stats" time="0.329" /><testcase classname="tests.test_etap3_features.TestAdminDashboardStats" name="test_dashboard_stats_returns_application_stats" time="0.326" /><testcase classname="tests.test_etap3_features.TestAdminDashboardStats" name="test_dashboard_stats_returns_category_distribution" time="0.434" /><testcase classname="tests.test_etap3_features.TestAdminDashboardStats" name="test_dashboard_stats_requires_admin" time="0.370" /><testcase classname="tests.test_etap3_features.TestPopupSettings" name="test_get_admin_popup_settings" time="0.458" /><testcase classname="tests.test_etap3_features.TestPopupSettings" name="test_update_popup_settings" time="0.389" /><testcase classname="tests.test_etap3_features.TestPopupSettings" name="test_public_popup_settings_returns_enabled_popup" time="0.357" /><testcase classname="tests.test_etap3_features.TestPopupSettings" name="test_public_popup_settings_returns_disabled_when_off" time="0.351" /><testcase classname="tests.test_etap3_features.TestActivityLogs" name="test_get_activity_logs" time="0.314" /><testcase classname="tests.test_etap3_features.TestActivityLogs" name="test_activity_logs_requires_admin" time="0.400" /><testcase classname="tests.test_etap3_features.TestContentManagement" name="test_create_blog_content" time="0.421" /><testcase classname="tests.test_etap3_features.TestContentManagement" name="test_create_faq_content" time="0.385" /><testcase classname="tests.test_etap3_features.TestContentManagement" name="test_create_event_content" time="0.352" /><testcase classname="tests.test_etap3_features.TestContentManagement" name="test_create_success_story_content" time="0.383" /><testcase classname="tests.test_etap3_features.TestContentManagement" name="test_get_admin_content_by_type" time="0.422" /><testcase classname="tests.test_etap3_features.TestContentManagement" name="test_update_content" time="0.405" /><testcase classname="tests.test_etap3_features.TestContentManagement" name="test_delete_content" time="0.340" /><testcase classname="tests.test_etap3_features.TestContentManagement" name="test_public_content_endpoint" time="0.381" /><testcase classname="tests.test_etap3_features.TestContentManagement" name="test_content_requires_admin" time="0.393" /></testsuite></testsuites>